This is LuaHBTeX, Version 1.12.0 (MiKTeX 2.9.7400 64-bit)  (format=lualatex 2020.4.25)  2 JUN 2020 20:13
 restricted system commands enabled.
**ghs_labels.tex
(./ghs_labels.tex
LaTeX2e <2020-02-02> patch level 5
Lua module: luaotfload-main 2020-02-02 3.12 luaotfload entry point
Lua module: luaotfload-init 2020-02-02 3.12 luaotfload submodule / initializatio
n
Lua module: lualibs 2020-02-02 2.70 ConTeXt Lua standard libraries.
Lua module: lualibs-extended 2020-02-02 2.70 ConTeXt Lua libraries -- extended c
ollection.
Lua module: luaotfload-log 2020-02-02 3.12 luaotfload submodule / logging
Lua module: luaotfload-parsers 2020-02-02 3.12 luaotfload submodule / filelist
Lua module: luaotfload-configuration 2020-02-02 3.12 luaotfload submodule / conf
ig file reader
luaotfload | conf : Root cache directory is C:/Users/Marius Wollrab/AppData/Loca
l/MiKTeX/2.9/luatex-cache/generic-dev/names.
luaotfload | init : Loading fontloader “fontloader-2020-01-26.lua” from kpse
-resolved path “C:/Users/Marius Wollrab/AppData/Local/Programs/MiKTeX 2.9/tex/
luatex/luaotfload/fontloader-2020-01-26.lua”.
Lua-only attribute luaotfload@state = 2
Lua-only attribute luaotfload@noligature = 3
Lua-only attribute luaotfload@syllabe = 4
luaotfload | init : Context OpenType loader version “3.11”
Inserting `luaotfload.node_processor' at position 1 in `pre_linebreak_filter'.
Inserting `luaotfload.node_processor' at position 1 in `hpack_filter'.
Lua module: luaotfload-loaders 2020-02-02 3.12 luaotfload submodule / callback h
andling
Inserting `luaotfload.define_font' at position 1 in `define_font'.
Lua module: luaotfload-database 2020-02-02 3.12 luaotfload submodule / database
Lua module: luaotfload-unicode 2020-02-02 3.12 luaotfload submodule / Unicode he
lpers
Lua module: luaotfload-colors 2020-02-02 3.12 luaotfload submodule / color
Lua-only attribute luaotfload_color_attribute = 5
Lua module: luaotfload-resolvers 2020-02-02 3.12 luaotfload submodule / resolver
s
luaotfload | conf : Root cache directory is C:/Users/Marius Wollrab/AppData/Loca
l/MiKTeX/2.9/luatex-cache/generic-dev/names.
Lua module: luaotfload-features 2020-02-02 3.12 luaotfload submodule / features
Lua module: luaotfload-letterspace 2020-02-02 3.12 luaotfload submodule / color
Lua module: luaotfload-embolden 2020-02-02 3.12 luaotfload submodule / color
Lua module: luaotfload-notdef 2020-02-02 3.12 luaotfload submodule / color
Lua module: luaotfload-harf-define 2020-02-02 3.12 luaotfload submodule / databa
se
Lua module: luaotfload-script 2020-02-02 3.12 luaotfload submodule / Script help
ers
Inserting `luaotfload.harf.strip_prefix' at position 1 in `find_opentype_file'.
Inserting `luaotfload.harf.strip_prefix' at position 1 in `find_truetype_file'.
Lua module: luaotfload-harf-plug 2020-02-02 3.12 luaotfload submodule / database
Inserting `Harf pre_output_filter callback' at position 1 in `pre_output_filter'
.
Inserting `Harf wrapup_run callback' at position 1 in `wrapup_run'.
Inserting `Harf finish_pdffile callback' at position 1 in `finish_pdffile'.
Inserting `Harf glyph_info callback' at position 1 in `glyph_info'.
Lua module: luaotfload-auxiliary 2020-02-02 3.12 luaotfload submodule / auxiliar
y functions
Inserting `luaotfload.aux.set_sscale_dimens' at position 1 in `luaotfload.patch_
font'.
Inserting `luaotfload.aux.set_font_index' at position 2 in `luaotfload.patch_fon
t'.
Inserting `luaotfload.aux.patch_cambria_domh' at position 3 in `luaotfload.patch
_font'.
Inserting `luaotfload.aux.fixup_fontdata' at position 1 in `luaotfload.patch_fon
t_unsafe'.
Inserting `luaotfload.aux.set_capheight' at position 4 in `luaotfload.patch_font
'.
Inserting `luaotfload.aux.set_xheight' at position 5 in `luaotfload.patch_font'.
Lua module: luaotfload-fallback 2020-02-02 3.12 luaotfload submodule / fallback
Lua module: luaotfload-multiscript 2020-02-02 3.12 luaotfload submodule / multis
cript
Lua module: luaotfload-tounicode 2020-02-02 3.12 luaotfload submodule / tounicod
e
Inserting `luaotfload.rewrite_fontname' at position 6 in `luaotfload.patch_font'
. L3 programming layer <2020-04-06>
("C:/Users/Marius Wollrab/AppData/Local/Programs/MiKTeX 2.9/tex/latex/base/arti
cle.cls"
Document Class: article 2019/12/20 v1.4l Standard LaTeX document class

("C:/Users/Marius Wollrab/AppData/Local/Programs/MiKTeX 2.9/tex/latex/base/size
10.clo"
File: size10.clo 2019/12/20 v1.4l Standard LaTeX file (size option)
luaotfload | db : Font names database loaded from C:/Users/Marius Wollrab/AppDat
a/Local/MiKTeX/2.9/luatex-cache/generic-dev/names/luaotfload-names.luc)
\c@part=\count163
\c@section=\count164
\c@subsection=\count165
\c@subsubsection=\count166
\c@paragraph=\count167
\c@subparagraph=\count168
\c@figure=\count169
\c@table=\count170
\abovecaptionskip=\skip47
\belowcaptionskip=\skip48
\bibindent=\dimen134
)
("C:/Users/Marius Wollrab/AppData/Local/Programs/MiKTeX 2.9/tex/latex/ghsystem/
ghsystem.sty"
("C:/Users/Marius Wollrab/AppData/Local/Programs/MiKTeX 2.9/tex/latex/l3kernel/
expl3.sty"
Package: expl3 2020-04-06 L3 programming layer (loader) 

("C:/Users/Marius Wollrab/AppData/Local/Programs/MiKTeX 2.9/tex/latex/l3backend
/l3backend-pdfmode.def"
File: l3backend-pdfmode.def 2020-03-12 L3 backend support: PDF mode
\l__kernel_color_stack_int=\count171
\l__pdf_internal_box=\box45
))
("C:/Users/Marius Wollrab/AppData/Local/Programs/MiKTeX 2.9/tex/latex/l3package
s/xparse/xparse.sty"
Package: xparse 2020-03-06 L3 Experimental document command parser
\l__xparse_current_arg_int=\count172
\g__xparse_grabber_int=\count173
\l__xparse_m_args_int=\count174
\l__xparse_v_nesting_int=\count175
)
("C:/Users/Marius Wollrab/AppData/Local/Programs/MiKTeX 2.9/tex/latex/chemmacro
s/chemmacros.sty"
("C:/Users/Marius Wollrab/AppData/Local/Programs/MiKTeX 2.9/tex/latex/l3package
s/l3keys2e/l3keys2e.sty"
Package: l3keys2e 2020-03-06 LaTeX2e option processing using LaTeX3 keys
)
Package: chemmacros 2020/03/07 v5.11 comprehensive support for typesetting chemi
stry documents (CN)

("C:/Users/Marius Wollrab/AppData/Local/Programs/MiKTeX 2.9/tex/latex/chemmacro
s/chemmacros5.sty"
Package: chemmacros5 2020/03/07 v5.11 comprehensive support for typesetting chem
istry documents (CN)
\l__chemmacros_tmpa_dim=\dimen135
\l__chemmacros_tmpb_dim=\dimen136
\l__chemmacros_tmpc_dim=\dimen137
\l__chemmacros_tmpa_int=\count176
\l__chemmacros_tmpb_int=\count177
\l__chemmacros_tmpc_int=\count178
\l__chemmacros_tmpa_box=\box46
\l__chemmacros_tmpb_box=\box47
\l__chemmacros_tmpc_box=\box48
(chemmacros)    Loading module `base'...

("C:/Users/Marius Wollrab/AppData/Local/Programs/MiKTeX 2.9/tex/latex/chemmacro
s/chemmacros.module.base.code.tex"
File: chemmacros.module.base.code.tex 2020/03/07 v5.11 chemmacros module `base' 
2020/02/02 basic chemmacros module

("C:/Users/Marius Wollrab/AppData/Local/Programs/MiKTeX 2.9/tex/latex/etoolbox/
etoolbox.sty"
Package: etoolbox 2019/09/21 v2.5h e-TeX tools for LaTeX (JAW)
\etb@tempcnta=\count179
)
("C:/Users/Marius Wollrab/AppData/Local/Programs/MiKTeX 2.9/tex/latex/koma-scri
pt/scrlfile.sty"
Package: scrlfile 2020/04/19 v3.30 KOMA-Script package (loading files)
)
("C:/Users/Marius Wollrab/AppData/Local/Programs/MiKTeX 2.9/tex/latex/tools/bm.
sty"
Package: bm 2019/07/24 v1.2d Bold Symbol Support (DPC/FMi)
\symboldoperators=\mathgroup4
\symboldletters=\mathgroup5
\symboldsymbols=\mathgroup6
LaTeX Font Info:    Redeclaring math alphabet \mathbf on input line 141.
LaTeX Info: Redefining \bm on input line 209.
)
("C:/Users/Marius Wollrab/AppData/Local/Programs/MiKTeX 2.9/tex/latex/amsmath/a
mstext.sty"
Package: amstext 2000/06/29 v2.01 AMS text

("C:/Users/Marius Wollrab/AppData/Local/Programs/MiKTeX 2.9/tex/latex/amsmath/a
msgen.sty"
File: amsgen.sty 1999/11/30 v2.0 generic functions
\@emptytoks=\toks15
\ex@=\dimen138
))
(chemmacros)    Loading module `errorcheck'...

("C:/Users/Marius Wollrab/AppData/Local/Programs/MiKTeX 2.9/tex/latex/chemmacro
s/chemmacros.module.errorcheck.code.tex"
File: chemmacros.module.errorcheck.code.tex 2020/03/07 v5.11 chemmacros module `
errorcheck' 2016/10/05 error checking for unloaded modules
))
(chemmacros)    Loading module `lang'...

("C:/Users/Marius Wollrab/AppData/Local/Programs/MiKTeX 2.9/tex/latex/chemmacro
s/chemmacros.module.lang.code.tex"
File: chemmacros.module.lang.code.tex 2020/03/07 v5.11 chemmacros module `lang' 
2016/05/31 language settings for chemmacros

("C:/Users/Marius Wollrab/AppData/Local/Programs/MiKTeX 2.9/tex/latex/translati
ons/translations.sty"
Package: translations 2018/02/28 v1.8 internationalization of LaTeX2e packages (
CN)

("C:/Users/Marius Wollrab/AppData/Local/Programs/MiKTeX 2.9/tex/latex/pdftexcmd
s/pdftexcmds.sty"
Package: pdftexcmds 2019/11/24 v0.31 Utility functions of pdfTeX for LuaTeX (HO)


("C:/Users/Marius Wollrab/AppData/Local/Programs/MiKTeX 2.9/tex/generic/infware
rr/infwarerr.sty"
Package: infwarerr 2019/12/03 v1.5 Providing info/warning/error messages (HO)
)
("C:/Users/Marius Wollrab/AppData/Local/Programs/MiKTeX 2.9/tex/generic/iftex/i
ftex.sty"
Package: iftex 2020/03/06 v1.0d TeX engine tests
)
("C:/Users/Marius Wollrab/AppData/Local/Programs/MiKTeX 2.9/tex/generic/ltxcmds
/ltxcmds.sty"
Package: ltxcmds 2019/12/15 v1.24 LaTeX kernel commands for general use (HO)
)
Package pdftexcmds Info: \pdf@primitive is available.
Package pdftexcmds Info: \pdf@ifprimitive is available.
Package pdftexcmds Info: \pdfdraftmode found.
\pdftexcmds@toks=\toks16
)))
(chemmacros)    Loading module `greek'...

("C:/Users/Marius Wollrab/AppData/Local/Programs/MiKTeX 2.9/tex/latex/chemmacro
s/chemmacros.module.greek.code.tex"
File: chemmacros.module.greek.code.tex 2020/03/07 v5.11 chemmacros module `greek
' 2020/02/02 upright greek symbols

("C:/Users/Marius Wollrab/AppData/Local/Programs/MiKTeX 2.9/tex/latex/chemgreek
/chemgreek.sty"
Package: chemgreek 2020/01/16 v1.1a interface for upright Greek letters for use 
in chemistry (CN)
\l__chemgreek_tmpa_int=\count180
\g__chemgreek_tmpa_int=\count181
))
(chemmacros)    Loading module `chemformula'...

("C:/Users/Marius Wollrab/AppData/Local/Programs/MiKTeX 2.9/tex/latex/chemmacro
s/chemmacros.module.chemformula.code.tex"
File: chemmacros.module.chemformula.code.tex 2020/03/07 v5.11 chemmacros module 
`chemformula' 2020/02/02 integration of chemical formulas
(chemmacros)    Loading module `charges'...

("C:/Users/Marius Wollrab/AppData/Local/Programs/MiKTeX 2.9/tex/latex/chemmacro
s/chemmacros.module.charges.code.tex"
File: chemmacros.module.charges.code.tex 2020/03/07 v5.11 chemmacros module `cha
rges' 2015/07/30 charges
))
(chemmacros)    Loading module `acid-base'...

("C:/Users/Marius Wollrab/AppData/Local/Programs/MiKTeX 2.9/tex/latex/chemmacro
s/chemmacros.module.acid-base.code.tex"
File: chemmacros.module.acid-base.code.tex 2020/03/07 v5.11 chemmacros module `a
cid-base' 2018/02/22 acid/base
)
(chemmacros)    Loading module `symbols'...

("C:/Users/Marius Wollrab/AppData/Local/Programs/MiKTeX 2.9/tex/latex/chemmacro
s/chemmacros.module.symbols.code.tex"
File: chemmacros.module.symbols.code.tex 2020/03/07 v5.11 chemmacros module `sym
bols' 2015/06/09 symbols
)
(chemmacros)    Loading module `particles'...

("C:/Users/Marius Wollrab/AppData/Local/Programs/MiKTeX 2.9/tex/latex/chemmacro
s/chemmacros.module.particles.code.tex"
File: chemmacros.module.particles.code.tex 2020/03/07 v5.11 chemmacros module `p
articles' 2016/04/02 particles
\l__chemmacros_nucleophile_dim=\dimen139
)
(chemmacros)    Loading module `phases'...

("C:/Users/Marius Wollrab/AppData/Local/Programs/MiKTeX 2.9/tex/latex/chemmacro
s/chemmacros.module.phases.code.tex"
File: chemmacros.module.phases.code.tex 2020/03/07 v5.11 chemmacros module `phas
es' 2016/05/31 phase descriptors
\l__chemmacros_phases_space_dim=\dimen140
)
(chemmacros)    Loading module `nomenclature'...

("C:/Users/Marius Wollrab/AppData/Local/Programs/MiKTeX 2.9/tex/latex/chemmacro
s/chemmacros.module.nomenclature.code.tex"
File: chemmacros.module.nomenclature.code.tex 2020/03/07 v5.11 chemmacros module
 `nomenclature' 2017/06/11 chemical names
(chemmacros)    Loading module `tikz'...

("C:/Users/Marius Wollrab/AppData/Local/Programs/MiKTeX 2.9/tex/latex/chemmacro
s/chemmacros.module.tikz.code.tex"
File: chemmacros.module.tikz.code.tex 2020/03/07 v5.11 chemmacros module `tikz' 
2015/10/26 upright greek symbols

("C:/Users/Marius Wollrab/AppData/Local/Programs/MiKTeX 2.9/tex/latex/pgf/front
endlayer/tikz.sty"
("C:/Users/Marius Wollrab/AppData/Local/Programs/MiKTeX 2.9/tex/latex/pgf/basic
layer/pgf.sty"
("C:/Users/Marius Wollrab/AppData/Local/Programs/MiKTeX 2.9/tex/latex/pgf/utili
ties/pgfrcs.sty"
("C:/Users/Marius Wollrab/AppData/Local/Programs/MiKTeX 2.9/tex/generic/pgf/uti
lities/pgfutil-common.tex"
\pgfutil@everybye=\toks17
\pgfutil@tempdima=\dimen141
\pgfutil@tempdimb=\dimen142

("C:/Users/Marius Wollrab/AppData/Local/Programs/MiKTeX 2.9/tex/generic/pgf/uti
lities/pgfutil-common-lists.tex"))
("C:/Users/Marius Wollrab/AppData/Local/Programs/MiKTeX 2.9/tex/generic/pgf/uti
lities/pgfutil-latex.def"
\pgfutil@abb=\box49

("C:/Users/Marius Wollrab/AppData/Local/Programs/MiKTeX 2.9/tex/latex/ms/everys
hi.sty"
Package: everyshi 2001/05/15 v3.00 EveryShipout Package (MS)
))
("C:/Users/Marius Wollrab/AppData/Local/Programs/MiKTeX 2.9/tex/generic/pgf/uti
lities/pgfrcs.code.tex"
("C:/Users/Marius Wollrab/AppData/Local/Programs/MiKTeX 2.9/tex/generic/pgf/pgf
.revision.tex")
Package: pgfrcs 2020/01/08 v3.1.5b (3.1.5b)
))
Package: pgf 2020/01/08 v3.1.5b (3.1.5b)

("C:/Users/Marius Wollrab/AppData/Local/Programs/MiKTeX 2.9/tex/latex/pgf/basic
layer/pgfcore.sty"
("C:/Users/Marius Wollrab/AppData/Local/Programs/MiKTeX 2.9/tex/latex/graphics/
graphicx.sty"
Package: graphicx 2019/11/30 v1.2a Enhanced LaTeX Graphics (DPC,SPQR)

("C:/Users/Marius Wollrab/AppData/Local/Programs/MiKTeX 2.9/tex/latex/graphics/
keyval.sty"
Package: keyval 2014/10/28 v1.15 key=value parser (DPC)
\KV@toks@=\toks18
)
("C:/Users/Marius Wollrab/AppData/Local/Programs/MiKTeX 2.9/tex/latex/graphics/
graphics.sty"
Package: graphics 2019/11/30 v1.4a Standard LaTeX Graphics (DPC,SPQR)

("C:/Users/Marius Wollrab/AppData/Local/Programs/MiKTeX 2.9/tex/latex/graphics/
trig.sty"
Package: trig 2016/01/03 v1.10 sin cos tan (DPC)
)
("C:/Users/Marius Wollrab/AppData/Local/Programs/MiKTeX 2.9/tex/latex/graphics-
cfg/graphics.cfg"
File: graphics.cfg 2016/06/04 v1.11 sample graphics configuration
)
Package graphics Info: Driver file: luatex.def on input line 105.

("C:/Users/Marius Wollrab/AppData/Local/Programs/MiKTeX 2.9/tex/latex/graphics-
def/luatex.def"
File: luatex.def 2018/01/08 v1.0l Graphics/color driver for luatex
))
\Gin@req@height=\dimen143
\Gin@req@width=\dimen144
)
("C:/Users/Marius Wollrab/AppData/Local/Programs/MiKTeX 2.9/tex/latex/pgf/syste
mlayer/pgfsys.sty"
("C:/Users/Marius Wollrab/AppData/Local/Programs/MiKTeX 2.9/tex/generic/pgf/sys
temlayer/pgfsys.code.tex"
Package: pgfsys 2020/01/08 v3.1.5b (3.1.5b)

("C:/Users/Marius Wollrab/AppData/Local/Programs/MiKTeX 2.9/tex/generic/pgf/uti
lities/pgfkeys.code.tex"
\pgfkeys@pathtoks=\toks19
\pgfkeys@temptoks=\toks20

("C:/Users/Marius Wollrab/AppData/Local/Programs/MiKTeX 2.9/tex/generic/pgf/uti
lities/pgfkeysfiltered.code.tex"
\pgfkeys@tmptoks=\toks21
))
\pgf@x=\dimen145
\pgf@y=\dimen146
\pgf@xa=\dimen147
\pgf@ya=\dimen148
\pgf@xb=\dimen149
\pgf@yb=\dimen150
\pgf@xc=\dimen151
\pgf@yc=\dimen152
\pgf@xd=\dimen153
\pgf@yd=\dimen154
\w@pgf@writea=\write3
\r@pgf@reada=\read2
\c@pgf@counta=\count182
\c@pgf@countb=\count183
\c@pgf@countc=\count184
\c@pgf@countd=\count185
\t@pgf@toka=\toks22
\t@pgf@tokb=\toks23
\t@pgf@tokc=\toks24
\pgf@sys@id@count=\count186

("C:/Users/Marius Wollrab/AppData/Local/Programs/MiKTeX 2.9/tex/generic/pgf/sys
temlayer/pgf.cfg"
File: pgf.cfg 2020/01/08 v3.1.5b (3.1.5b)
)
Driver file for pgf: pgfsys-luatex.def

("C:/Users/Marius Wollrab/AppData/Local/Programs/MiKTeX 2.9/tex/generic/pgf/sys
temlayer/pgfsys-luatex.def"
File: pgfsys-luatex.def 2020/01/08 v3.1.5b (3.1.5b)

("C:/Users/Marius Wollrab/AppData/Local/Programs/MiKTeX 2.9/tex/generic/pgf/sys
temlayer/pgfsys-common-pdf.def"
File: pgfsys-common-pdf.def 2020/01/08 v3.1.5b (3.1.5b)
)))
("C:/Users/Marius Wollrab/AppData/Local/Programs/MiKTeX 2.9/tex/generic/pgf/sys
temlayer/pgfsyssoftpath.code.tex"
File: pgfsyssoftpath.code.tex 2020/01/08 v3.1.5b (3.1.5b)
\pgfsyssoftpath@smallbuffer@items=\count187
\pgfsyssoftpath@bigbuffer@items=\count188
)
("C:/Users/Marius Wollrab/AppData/Local/Programs/MiKTeX 2.9/tex/generic/pgf/sys
temlayer/pgfsysprotocol.code.tex"
File: pgfsysprotocol.code.tex 2020/01/08 v3.1.5b (3.1.5b)
))
("C:/Users/Marius Wollrab/AppData/Local/Programs/MiKTeX 2.9/tex/latex/xcolor/xc
olor.sty"
Package: xcolor 2016/05/11 v2.12 LaTeX color extensions (UK)

("C:/Users/Marius Wollrab/AppData/Local/Programs/MiKTeX 2.9/tex/latex/graphics-
cfg/color.cfg"
File: color.cfg 2016/01/02 v1.6 sample color configuration
)
Package xcolor Info: Driver file: luatex.def on input line 225.
Package xcolor Info: Model `cmy' substituted by `cmy0' on input line 1348.
Package xcolor Info: Model `hsb' substituted by `rgb' on input line 1352.
Package xcolor Info: Model `RGB' extended on input line 1364.
Package xcolor Info: Model `HTML' substituted by `rgb' on input line 1366.
Package xcolor Info: Model `Hsb' substituted by `hsb' on input line 1367.
Package xcolor Info: Model `tHsb' substituted by `hsb' on input line 1368.
Package xcolor Info: Model `HSB' substituted by `hsb' on input line 1369.
Package xcolor Info: Model `Gray' substituted by `gray' on input line 1370.
Package xcolor Info: Model `wave' substituted by `hsb' on input line 1371.
)
("C:/Users/Marius Wollrab/AppData/Local/Programs/MiKTeX 2.9/tex/generic/pgf/bas
iclayer/pgfcore.code.tex"
Package: pgfcore 2020/01/08 v3.1.5b (3.1.5b)

("C:/Users/Marius Wollrab/AppData/Local/Programs/MiKTeX 2.9/tex/generic/pgf/mat
h/pgfmath.code.tex"
("C:/Users/Marius Wollrab/AppData/Local/Programs/MiKTeX 2.9/tex/generic/pgf/mat
h/pgfmathcalc.code.tex"
("C:/Users/Marius Wollrab/AppData/Local/Programs/MiKTeX 2.9/tex/generic/pgf/mat
h/pgfmathutil.code.tex")
("C:/Users/Marius Wollrab/AppData/Local/Programs/MiKTeX 2.9/tex/generic/pgf/mat
h/pgfmathparser.code.tex"
\pgfmath@dimen=\dimen155
\pgfmath@count=\count189
\pgfmath@box=\box50
\pgfmath@toks=\toks25
\pgfmath@stack@operand=\toks26
\pgfmath@stack@operation=\toks27
)
("C:/Users/Marius Wollrab/AppData/Local/Programs/MiKTeX 2.9/tex/generic/pgf/mat
h/pgfmathfunctions.code.tex"
("C:/Users/Marius Wollrab/AppData/Local/Programs/MiKTeX 2.9/tex/generic/pgf/mat
h/pgfmathfunctions.basic.code.tex")
("C:/Users/Marius Wollrab/AppData/Local/Programs/MiKTeX 2.9/tex/generic/pgf/mat
h/pgfmathfunctions.trigonometric.code.tex")
("C:/Users/Marius Wollrab/AppData/Local/Programs/MiKTeX 2.9/tex/generic/pgf/mat
h/pgfmathfunctions.random.code.tex")
("C:/Users/Marius Wollrab/AppData/Local/Programs/MiKTeX 2.9/tex/generic/pgf/mat
h/pgfmathfunctions.comparison.code.tex")
("C:/Users/Marius Wollrab/AppData/Local/Programs/MiKTeX 2.9/tex/generic/pgf/mat
h/pgfmathfunctions.base.code.tex")
("C:/Users/Marius Wollrab/AppData/Local/Programs/MiKTeX 2.9/tex/generic/pgf/mat
h/pgfmathfunctions.round.code.tex")
("C:/Users/Marius Wollrab/AppData/Local/Programs/MiKTeX 2.9/tex/generic/pgf/mat
h/pgfmathfunctions.misc.code.tex")
("C:/Users/Marius Wollrab/AppData/Local/Programs/MiKTeX 2.9/tex/generic/pgf/mat
h/pgfmathfunctions.integerarithmetics.code.tex")))
("C:/Users/Marius Wollrab/AppData/Local/Programs/MiKTeX 2.9/tex/generic/pgf/mat
h/pgfmathfloat.code.tex"
\c@pgfmathroundto@lastzeros=\count190
))
("C:/Users/Marius Wollrab/AppData/Local/Programs/MiKTeX 2.9/tex/generic/pgf/mat
h/pgfint.code.tex")
("C:/Users/Marius Wollrab/AppData/Local/Programs/MiKTeX 2.9/tex/generic/pgf/bas
iclayer/pgfcorepoints.code.tex"
File: pgfcorepoints.code.tex 2020/01/08 v3.1.5b (3.1.5b)
\pgf@picminx=\dimen156
\pgf@picmaxx=\dimen157
\pgf@picminy=\dimen158
\pgf@picmaxy=\dimen159
\pgf@pathminx=\dimen160
\pgf@pathmaxx=\dimen161
\pgf@pathminy=\dimen162
\pgf@pathmaxy=\dimen163
\pgf@xx=\dimen164
\pgf@xy=\dimen165
\pgf@yx=\dimen166
\pgf@yy=\dimen167
\pgf@zx=\dimen168
\pgf@zy=\dimen169
)
("C:/Users/Marius Wollrab/AppData/Local/Programs/MiKTeX 2.9/tex/generic/pgf/bas
iclayer/pgfcorepathconstruct.code.tex"
File: pgfcorepathconstruct.code.tex 2020/01/08 v3.1.5b (3.1.5b)
\pgf@path@lastx=\dimen170
\pgf@path@lasty=\dimen171
)
("C:/Users/Marius Wollrab/AppData/Local/Programs/MiKTeX 2.9/tex/generic/pgf/bas
iclayer/pgfcorepathusage.code.tex"
File: pgfcorepathusage.code.tex 2020/01/08 v3.1.5b (3.1.5b)
\pgf@shorten@end@additional=\dimen172
\pgf@shorten@start@additional=\dimen173
)
("C:/Users/Marius Wollrab/AppData/Local/Programs/MiKTeX 2.9/tex/generic/pgf/bas
iclayer/pgfcorescopes.code.tex"
File: pgfcorescopes.code.tex 2020/01/08 v3.1.5b (3.1.5b)
\pgfpic=\box51
\pgf@hbox=\box52
\pgf@layerbox@main=\box53
\pgf@picture@serial@count=\count191
)
("C:/Users/Marius Wollrab/AppData/Local/Programs/MiKTeX 2.9/tex/generic/pgf/bas
iclayer/pgfcoregraphicstate.code.tex"
File: pgfcoregraphicstate.code.tex 2020/01/08 v3.1.5b (3.1.5b)
\pgflinewidth=\dimen174
)
("C:/Users/Marius Wollrab/AppData/Local/Programs/MiKTeX 2.9/tex/generic/pgf/bas
iclayer/pgfcoretransformations.code.tex"
File: pgfcoretransformations.code.tex 2020/01/08 v3.1.5b (3.1.5b)
\pgf@pt@x=\dimen175
\pgf@pt@y=\dimen176
\pgf@pt@temp=\dimen177
)
("C:/Users/Marius Wollrab/AppData/Local/Programs/MiKTeX 2.9/tex/generic/pgf/bas
iclayer/pgfcorequick.code.tex"
File: pgfcorequick.code.tex 2020/01/08 v3.1.5b (3.1.5b)
)
("C:/Users/Marius Wollrab/AppData/Local/Programs/MiKTeX 2.9/tex/generic/pgf/bas
iclayer/pgfcoreobjects.code.tex"
File: pgfcoreobjects.code.tex 2020/01/08 v3.1.5b (3.1.5b)
)
("C:/Users/Marius Wollrab/AppData/Local/Programs/MiKTeX 2.9/tex/generic/pgf/bas
iclayer/pgfcorepathprocessing.code.tex"
File: pgfcorepathprocessing.code.tex 2020/01/08 v3.1.5b (3.1.5b)
)
("C:/Users/Marius Wollrab/AppData/Local/Programs/MiKTeX 2.9/tex/generic/pgf/bas
iclayer/pgfcorearrows.code.tex"
File: pgfcorearrows.code.tex 2020/01/08 v3.1.5b (3.1.5b)
\pgfarrowsep=\dimen178
)
("C:/Users/Marius Wollrab/AppData/Local/Programs/MiKTeX 2.9/tex/generic/pgf/bas
iclayer/pgfcoreshade.code.tex"
File: pgfcoreshade.code.tex 2020/01/08 v3.1.5b (3.1.5b)
\pgf@max=\dimen179
\pgf@sys@shading@range@num=\count192
\pgf@shadingcount=\count193
)
("C:/Users/Marius Wollrab/AppData/Local/Programs/MiKTeX 2.9/tex/generic/pgf/bas
iclayer/pgfcoreimage.code.tex"
File: pgfcoreimage.code.tex 2020/01/08 v3.1.5b (3.1.5b)

("C:/Users/Marius Wollrab/AppData/Local/Programs/MiKTeX 2.9/tex/generic/pgf/bas
iclayer/pgfcoreexternal.code.tex"
File: pgfcoreexternal.code.tex 2020/01/08 v3.1.5b (3.1.5b)
\pgfexternal@startupbox=\box54
))
("C:/Users/Marius Wollrab/AppData/Local/Programs/MiKTeX 2.9/tex/generic/pgf/bas
iclayer/pgfcorelayers.code.tex"
File: pgfcorelayers.code.tex 2020/01/08 v3.1.5b (3.1.5b)
)
("C:/Users/Marius Wollrab/AppData/Local/Programs/MiKTeX 2.9/tex/generic/pgf/bas
iclayer/pgfcoretransparency.code.tex"
File: pgfcoretransparency.code.tex 2020/01/08 v3.1.5b (3.1.5b)
)
("C:/Users/Marius Wollrab/AppData/Local/Programs/MiKTeX 2.9/tex/generic/pgf/bas
iclayer/pgfcorepatterns.code.tex"
File: pgfcorepatterns.code.tex 2020/01/08 v3.1.5b (3.1.5b)
)
("C:/Users/Marius Wollrab/AppData/Local/Programs/MiKTeX 2.9/tex/generic/pgf/bas
iclayer/pgfcorerdf.code.tex"
File: pgfcorerdf.code.tex 2020/01/08 v3.1.5b (3.1.5b)
)))
("C:/Users/Marius Wollrab/AppData/Local/Programs/MiKTeX 2.9/tex/generic/pgf/mod
ules/pgfmoduleshapes.code.tex"
File: pgfmoduleshapes.code.tex 2020/01/08 v3.1.5b (3.1.5b)
\pgfnodeparttextbox=\box55
)
("C:/Users/Marius Wollrab/AppData/Local/Programs/MiKTeX 2.9/tex/generic/pgf/mod
ules/pgfmoduleplot.code.tex"
File: pgfmoduleplot.code.tex 2020/01/08 v3.1.5b (3.1.5b)
)
("C:/Users/Marius Wollrab/AppData/Local/Programs/MiKTeX 2.9/tex/latex/pgf/compa
tibility/pgfcomp-version-0-65.sty"
Package: pgfcomp-version-0-65 2020/01/08 v3.1.5b (3.1.5b)
\pgf@nodesepstart=\dimen180
\pgf@nodesepend=\dimen181
)
("C:/Users/Marius Wollrab/AppData/Local/Programs/MiKTeX 2.9/tex/latex/pgf/compa
tibility/pgfcomp-version-1-18.sty"
Package: pgfcomp-version-1-18 2020/01/08 v3.1.5b (3.1.5b)
))
("C:/Users/Marius Wollrab/AppData/Local/Programs/MiKTeX 2.9/tex/latex/pgf/utili
ties/pgffor.sty"
("C:/Users/Marius Wollrab/AppData/Local/Programs/MiKTeX 2.9/tex/latex/pgf/utili
ties/pgfkeys.sty"
("C:/Users/Marius Wollrab/AppData/Local/Programs/MiKTeX 2.9/tex/generic/pgf/uti
lities/pgfkeys.code.tex"))
("C:/Users/Marius Wollrab/AppData/Local/Programs/MiKTeX 2.9/tex/latex/pgf/math/
pgfmath.sty"
("C:/Users/Marius Wollrab/AppData/Local/Programs/MiKTeX 2.9/tex/generic/pgf/mat
h/pgfmath.code.tex"))
("C:/Users/Marius Wollrab/AppData/Local/Programs/MiKTeX 2.9/tex/generic/pgf/uti
lities/pgffor.code.tex"
Package: pgffor 2020/01/08 v3.1.5b (3.1.5b)

("C:/Users/Marius Wollrab/AppData/Local/Programs/MiKTeX 2.9/tex/generic/pgf/mat
h/pgfmath.code.tex")
\pgffor@iter=\dimen182
\pgffor@skip=\dimen183
\pgffor@stack=\toks28
\pgffor@toks=\toks29
))
("C:/Users/Marius Wollrab/AppData/Local/Programs/MiKTeX 2.9/tex/generic/pgf/fro
ntendlayer/tikz/tikz.code.tex"
Package: tikz 2020/01/08 v3.1.5b (3.1.5b)

("C:/Users/Marius Wollrab/AppData/Local/Programs/MiKTeX 2.9/tex/generic/pgf/lib
raries/pgflibraryplothandlers.code.tex"
File: pgflibraryplothandlers.code.tex 2020/01/08 v3.1.5b (3.1.5b)
\pgf@plot@mark@count=\count194
\pgfplotmarksize=\dimen184
)
\tikz@lastx=\dimen185
\tikz@lasty=\dimen186
\tikz@lastxsaved=\dimen187
\tikz@lastysaved=\dimen188
\tikz@lastmovetox=\dimen189
\tikz@lastmovetoy=\dimen190
\tikzleveldistance=\dimen191
\tikzsiblingdistance=\dimen192
\tikz@figbox=\box56
\tikz@figbox@bg=\box57
\tikz@tempbox=\box58
\tikz@tempbox@bg=\box59
\tikztreelevel=\count195
\tikznumberofchildren=\count196
\tikznumberofcurrentchild=\count197
\tikz@fig@count=\count198

("C:/Users/Marius Wollrab/AppData/Local/Programs/MiKTeX 2.9/tex/generic/pgf/mod
ules/pgfmodulematrix.code.tex"
File: pgfmodulematrix.code.tex 2020/01/08 v3.1.5b (3.1.5b)
\pgfmatrixcurrentrow=\count199
\pgfmatrixcurrentcolumn=\count266
\pgf@matrix@numberofcolumns=\count267
)
\tikz@expandcount=\count268

("C:/Users/Marius Wollrab/AppData/Local/Programs/MiKTeX 2.9/tex/generic/pgf/fro
ntendlayer/tikz/libraries/tikzlibrarytopaths.code.tex"
File: tikzlibrarytopaths.code.tex 2020/01/08 v3.1.5b (3.1.5b)
)))
("C:/Users/Marius Wollrab/AppData/Local/Programs/MiKTeX 2.9/tex/generic/pgf/fro
ntendlayer/tikz/libraries/tikzlibrarycalc.code.tex"
File: tikzlibrarycalc.code.tex 2020/01/08 v3.1.5b (3.1.5b)
)
("C:/Users/Marius Wollrab/AppData/Local/Programs/MiKTeX 2.9/tex/generic/pgf/fro
ntendlayer/tikz/libraries/tikzlibrarydecorations.pathmorphing.code.tex"
("C:/Users/Marius Wollrab/AppData/Local/Programs/MiKTeX 2.9/tex/generic/pgf/fro
ntendlayer/tikz/libraries/tikzlibrarydecorations.code.tex"
("C:/Users/Marius Wollrab/AppData/Local/Programs/MiKTeX 2.9/tex/generic/pgf/mod
ules/pgfmoduledecorations.code.tex"
\pgfdecoratedcompleteddistance=\dimen193
\pgfdecoratedremainingdistance=\dimen194
\pgfdecoratedinputsegmentcompleteddistance=\dimen195
\pgfdecoratedinputsegmentremainingdistance=\dimen196
\pgf@decorate@distancetomove=\dimen197
\pgf@decorate@repeatstate=\count269
\pgfdecorationsegmentamplitude=\dimen198
\pgfdecorationsegmentlength=\dimen199
)
\tikz@lib@dec@box=\box60
)
("C:/Users/Marius Wollrab/AppData/Local/Programs/MiKTeX 2.9/tex/generic/pgf/lib
raries/decorations/pgflibrarydecorations.pathmorphing.code.tex"))
\l__chemmacros_el_length_dim=\dimen256
)
\l__chemmacros_cip_kern_dim=\dimen257
\l__chemmacros_iupac_hyphen_pre_dim=\dimen258
\l__chemmacros_iupac_hyphen_post_dim=\dimen259
\l__chemmacros_iupac_break_dim=\dimen260
\l__chemmacros_iupac_break_skip=\skip49
)))
Package: ghsystem 2020/02/17 v4.8c globally harmonised system
\l__ghsystem_tmpa_int=\count270
\l__ghsystem_tmpb_int=\count271

("C:/Users/Marius Wollrab/AppData/Local/Programs/MiKTeX 2.9/tex/latex/siunitx/s
iunitx.sty"
Package: siunitx 2020/02/25 v2.8b A comprehensive (SI) units package

("C:/Users/Marius Wollrab/AppData/Local/Programs/MiKTeX 2.9/tex/latex/tools/arr
ay.sty"
Package: array 2019/08/31 v2.4l Tabular extension package (FMi)
\col@sep=\dimen261
\ar@mcellbox=\box61
\extrarowheight=\dimen262
\NC@list=\toks30
\extratabsurround=\skip50
\backup@length=\skip51
\ar@cellbox=\box62
)
\l__siunitx_tmp_box=\box63
\l__siunitx_tmp_dim=\dimen263
\l__siunitx_tmp_int=\count272
\l__siunitx_number_mantissa_length_int=\count273
\l__siunitx_number_uncert_length_int=\count274
\l__siunitx_round_int=\count275
\l__siunitx_process_decimal_int=\count276
\l__siunitx_process_uncertainty_int=\count277
\l__siunitx_process_fixed_int=\count278
\l__siunitx_process_integer_min_int=\count279
\l__siunitx_process_precision_int=\count280
\l__siunitx_group_min_int=\count281
\l__siunitx_angle_marker_box=\box64
\l__siunitx_angle_unit_box=\box65
\l__siunitx_angle_marker_dim=\dimen264
\l__siunitx_angle_unit_dim=\dimen265
\l__siunitx_unit_int=\count282
\l__siunitx_unit_denominator_int=\count283
\l__siunitx_unit_numerator_int=\count284
\l__siunitx_unit_prefix_int=\count285
\l__siunitx_unit_prefix_base_int=\count286
\l__siunitx_unit_prefix_gram_int=\count287
\l__siunitx_number_product_int=\count288
\c__siunitx_one_fill_skip=\skip52
\l__siunitx_table_unit_align_skip=\skip53
\l__siunitx_table_exponent_dim=\dimen266
\l__siunitx_table_integer_dim=\dimen267
\l__siunitx_table_mantissa_dim=\dimen268
\l__siunitx_table_marker_dim=\dimen269
\l__siunitx_table_result_dim=\dimen270
\l__siunitx_table_uncert_dim=\dimen271
\l__siunitx_table_fill_pre_dim=\dimen272
\l__siunitx_table_fill_post_dim=\dimen273
\l__siunitx_table_fill_mid_dim=\dimen274
\l__siunitx_table_pre_box=\box66
\l__siunitx_table_post_box=\box67
\l__siunitx_table_mantissa_box=\box68
\l__siunitx_table_result_box=\box69
\l__siunitx_table_number_align_skip=\skip54
\l__siunitx_table_text_align_skip=\skip55

("C:/Users/Marius Wollrab/AppData/Local/Programs/MiKTeX 2.9/tex/latex/translato
r/translator.sty"
Package: translator 2019-05-31 v1.12a Easy translation of strings in LaTeX
))
("C:/Users/Marius Wollrab/AppData/Local/Programs/MiKTeX 2.9/tex/latex/tools/lon
gtable.sty"
Package: longtable 2020/01/07 v4.13 Multi-page Table package (DPC)
\LTleft=\skip56
\LTright=\skip57
\LTpre=\skip58
\LTpost=\skip59
\LTchunksize=\count289
\LTcapwidth=\dimen275
\LT@head=\box70
\LT@firsthead=\box71
\LT@foot=\box72
\LT@lastfoot=\box73
\LT@cols=\count290
\LT@rows=\count291
\c@LT@tables=\count292
\c@LT@chunks=\count293
\LT@p@ftn=\toks31
)
("C:/Users/Marius Wollrab/AppData/Local/Programs/MiKTeX 2.9/tex/generic/iftex/i
fpdf.sty"
Package: ifpdf 2019/10/25 v3.4 ifpdf legacy package. Use iftex instead.
)
\l__ghsystem_list_all_column_width_dim=\dimen276
\l__ghsystem_table_line_sep_dim=\dimen277
)
("C:/Users/Marius Wollrab/AppData/Local/Programs/MiKTeX 2.9/tex/latex/stackengi
ne/stackengine.sty"
Package: stackengine 2017/02/13 v4.01\ Stacking text and objects in convenient w
ays

("C:/Users/Marius Wollrab/AppData/Local/Programs/MiKTeX 2.9/tex/latex/listofite
ms/listofitems.sty"
("C:/Users/Marius Wollrab/AppData/Local/Programs/MiKTeX 2.9/tex/generic/listofi
tems/listofitems.tex"
\loi_cnt_foreach_nest=\count294
\loi_nestcnt=\count295
)
Package: listofitems 2019/08/21 v1.63 Grab items in lists using user-specified s
ep char (CT)
)
("C:/Users/Marius Wollrab/AppData/Local/Programs/MiKTeX 2.9/tex/latex/tools/cal
c.sty"
Package: calc 2017/05/25 v4.3 Infix arithmetic (KKT,FJ)
\calc@Acount=\count296
\calc@Bcount=\count297
\calc@Adimen=\dimen278
\calc@Bdimen=\dimen279
\calc@Askip=\skip60
\calc@Bskip=\skip61
LaTeX Info: Redefining \setlength on input line 80.
LaTeX Info: Redefining \addtolength on input line 81.
\calc@Ccount=\count298
\calc@Cskip=\skip62
)
\c@@stackindex=\count299
\@boxshift=\skip63
\stack@tmplength=\skip64
\temp@stkl=\skip65
\@stackedboxwidth=\skip66
\@addedbox=\box74
\@anchorbox=\box75
\stackedbox=\box76
\@centerbox=\box77
\c@ROWcellindex@=\count300
)
("C:/Users/Marius Wollrab/AppData/Local/Programs/MiKTeX 2.9/tex/latex/adjustbox
/adjustbox.sty"
Package: adjustbox 2019/01/04 v1.2 Adjusting TeX boxes (trim, clip, ...)

("C:/Users/Marius Wollrab/AppData/Local/Programs/MiKTeX 2.9/tex/latex/xkeyval/x
keyval.sty"
Package: xkeyval 2014/12/03 v2.7a package option processing (HA)

("C:/Users/Marius Wollrab/AppData/Local/Programs/MiKTeX 2.9/tex/generic/xkeyval
/xkeyval.tex"
("C:/Users/Marius Wollrab/AppData/Local/Programs/MiKTeX 2.9/tex/generic/xkeyval
/xkvutils.tex"
\XKV@toks=\toks32
\XKV@tempa@toks=\toks33
)
\XKV@depth=\count301
File: xkeyval.tex 2014/12/03 v2.7a key=value parser (HA)
))
("C:/Users/Marius Wollrab/AppData/Local/Programs/MiKTeX 2.9/tex/latex/adjustbox
/adjcalc.sty"
Package: adjcalc 2012/05/16 v1.1 Provides advanced setlength with multiple back-
ends (calc, etex, pgfmath)
)
("C:/Users/Marius Wollrab/AppData/Local/Programs/MiKTeX 2.9/tex/latex/adjustbox
/trimclip.sty"
Package: trimclip 2018/04/08 v1.1 Trim and clip general TeX material

("C:/Users/Marius Wollrab/AppData/Local/Programs/MiKTeX 2.9/tex/latex/collectbo
x/collectbox.sty"
Package: collectbox 2012/05/17 v0.4b Collect macro arguments as boxes
\collectedbox=\box78
)
\tc@llx=\dimen280
\tc@lly=\dimen281
\tc@urx=\dimen282
\tc@ury=\dimen283

("C:/Users/Marius Wollrab/AppData/Local/Programs/MiKTeX 2.9/tex/latex/adjustbox
/tc-pgf.def"
File: tc-pgf.def 2019/01/04 v2.2 trimclip fall-back clipping driver using PGF
)
Package trimclip Info: No clipping driver 'tc-luatex.def' available.
(trimclip)             Using fall-back PGF driver.
)
\adjbox@Width=\dimen284
\adjbox@Height=\dimen285
\adjbox@Depth=\dimen286
\adjbox@Totalheight=\dimen287
\adjbox@pwidth=\dimen288
\adjbox@pheight=\dimen289
\adjbox@pdepth=\dimen290
\adjbox@ptotalheight=\dimen291

("C:/Users/Marius Wollrab/AppData/Local/Programs/MiKTeX 2.9/tex/latex/ifoddpage
/ifoddpage.sty"
Package: ifoddpage 2016/04/23 v1.1 Conditionals for odd/even page detection
\c@checkoddpage=\count302
)
("C:/Users/Marius Wollrab/AppData/Local/Programs/MiKTeX 2.9/tex/latex/varwidth/
varwidth.sty"
Package: varwidth 2009/03/30 ver 0.92;  Variable-width minipages
\@vwid@box=\box79
\sift@deathcycles=\count303
\@vwid@loff=\dimen292
\@vwid@roff=\dimen293
))
("C:/Users/Marius Wollrab/AppData/Local/Programs/MiKTeX 2.9/tex/latex/roboto/ro
boto.sty"
Package: roboto 2019/12/11 (Bob Tennent) Supports Roboto fonts for all LaTeX eng
ines.

("C:/Users/Marius Wollrab/AppData/Local/Programs/MiKTeX 2.9/tex/generic/iftex/i
fxetex.sty"
Package: ifxetex 2019/10/25 v0.7 ifxetex legacy package. Use iftex instead.
)
("C:/Users/Marius Wollrab/AppData/Local/Programs/MiKTeX 2.9/tex/generic/iftex/i
fluatex.sty"
Package: ifluatex 2019/10/25 v1.5 ifluatex legacy package. Use iftex instead.
)
("C:/Users/Marius Wollrab/AppData/Local/Programs/MiKTeX 2.9/tex/latex/base/text
comp.sty"
Package: textcomp 2020/02/02 v2.0n Standard LaTeX package
)
("C:/Users/Marius Wollrab/AppData/Local/Programs/MiKTeX 2.9/tex/latex/fontspec/
fontspec.sty"
Package: fontspec 2020/02/21 v2.7i Font selection for XeLaTeX and LuaLaTeX
Lua module: fontspec 2020/02/21 2.7i Font selection for XeLaTeX and LuaLaTeX
("C:/Users/Marius Wollrab/AppData/Local/Programs/MiKTeX 2.9/tex/latex/fontspec/
fontspec-luatex.sty"
Package: fontspec-luatex 2020/02/21 v2.7i Font selection for XeLaTeX and LuaLaTe
X
\l__fontspec_script_int=\count304
\l__fontspec_language_int=\count305
\l__fontspec_strnum_int=\count306
\l__fontspec_tmp_int=\count307
\l__fontspec_tmpa_int=\count308
\l__fontspec_tmpb_int=\count309
\l__fontspec_tmpc_int=\count310
\l__fontspec_em_int=\count311
\l__fontspec_emdef_int=\count312
\l__fontspec_strong_int=\count313
\l__fontspec_strongdef_int=\count314
\l__fontspec_tmpa_dim=\dimen294
\l__fontspec_tmpb_dim=\dimen295
\l__fontspec_tmpc_dim=\dimen296

("C:/Users/Marius Wollrab/AppData/Local/Programs/MiKTeX 2.9/tex/latex/base/font
enc.sty"
Package: fontenc 2020/02/11 v2.0o Standard LaTeX package
)
("C:/Users/Marius Wollrab/AppData/Local/Programs/MiKTeX 2.9/tex/latex/fontspec/
fontspec.cfg")))

Package fontspec Info: Font family 'Roboto(0)' created for font 'Roboto' with
(fontspec)             options [Ligatures = TeX,Scale = 1,Extension =
(fontspec)             .otf,Ligatures=TeX,Numbers =
(fontspec)             {Proportional,Lining},UprightFont =
(fontspec)             *-Regular,ItalicFont = *-Italic,BoldFont =
(fontspec)             *-Bold,BoldItalicFont = *-BoldItalic].
(fontspec)              
(fontspec)              This font family consists of the following NFSS
(fontspec)             series/shapes:
(fontspec)              
(fontspec)             - 'normal' (m/n) with NFSS spec.:
(fontspec)             <->s*[1]"[Roboto-Regular.otf]:mode=node;script=latn;langu
age=dflt;+tlig;+pnum;+lnum;"
(fontspec)             - 'small caps'  (m/sc) with NFSS spec.:
(fontspec)             <->s*[1]"[Roboto-Regular.otf]:mode=node;script=latn;langu
age=dflt;+tlig;+pnum;+lnum;+smcp;"
(fontspec)             - 'bold' (b/n) with NFSS spec.:
(fontspec)             <->s*[1]"[Roboto-Bold.otf]:mode=node;script=latn;language
=dflt;+tlig;+pnum;+lnum;"
(fontspec)             - 'bold small caps'  (b/sc) with NFSS spec.:
(fontspec)             <->s*[1]"[Roboto-Bold.otf]:mode=node;script=latn;language
=dflt;+tlig;+pnum;+lnum;+smcp;"
(fontspec)             - 'italic' (m/it) with NFSS spec.:
(fontspec)             <->s*[1]"[Roboto-Italic.otf]:mode=node;script=latn;langua
ge=dflt;+tlig;+pnum;+lnum;"
(fontspec)             - 'italic small caps'  (m/scit) with NFSS spec.:
(fontspec)             <->s*[1]"[Roboto-Italic.otf]:mode=node;script=latn;langua
ge=dflt;+tlig;+pnum;+lnum;+smcp;"
(fontspec)             - 'bold italic' (b/it) with NFSS spec.:
(fontspec)             <->s*[1]"[Roboto-BoldItalic.otf]:mode=node;script=latn;la
nguage=dflt;+tlig;+pnum;+lnum;"
(fontspec)             - 'bold italic small caps'  (b/scit) with NFSS spec.:
(fontspec)             <->s*[1]"[Roboto-BoldItalic.otf]:mode=node;script=latn;la
nguage=dflt;+tlig;+pnum;+lnum;+smcp;"


Package fontspec Info: Font family 'Roboto(1)' created for font 'Roboto' with
(fontspec)             options [Ligatures = TeX,Scale = 1,Extension =
(fontspec)             .otf,Numbers = {Proportional,Lining},UprightFont =
(fontspec)             *-Regular,ItalicFont = *-Italic,BoldFont =
(fontspec)             *-Bold,BoldItalicFont = *-BoldItalic].
(fontspec)              
(fontspec)              This font family consists of the following NFSS
(fontspec)             series/shapes:
(fontspec)              
(fontspec)             - 'normal' (m/n) with NFSS spec.:
(fontspec)             <->s*[1]"[Roboto-Regular.otf]:mode=node;script=latn;langu
age=dflt;+tlig;+pnum;+lnum;"
(fontspec)             - 'small caps'  (m/sc) with NFSS spec.:
(fontspec)             <->s*[1]"[Roboto-Regular.otf]:mode=node;script=latn;langu
age=dflt;+tlig;+pnum;+lnum;+smcp;"
(fontspec)             - 'bold' (b/n) with NFSS spec.:
(fontspec)             <->s*[1]"[Roboto-Bold.otf]:mode=node;script=latn;language
=dflt;+tlig;+pnum;+lnum;"
(fontspec)             - 'bold small caps'  (b/sc) with NFSS spec.:
(fontspec)             <->s*[1]"[Roboto-Bold.otf]:mode=node;script=latn;language
=dflt;+tlig;+pnum;+lnum;+smcp;"
(fontspec)             - 'italic' (m/it) with NFSS spec.:
(fontspec)             <->s*[1]"[Roboto-Italic.otf]:mode=node;script=latn;langua
ge=dflt;+tlig;+pnum;+lnum;"
(fontspec)             - 'italic small caps'  (m/scit) with NFSS spec.:
(fontspec)             <->s*[1]"[Roboto-Italic.otf]:mode=node;script=latn;langua
ge=dflt;+tlig;+pnum;+lnum;+smcp;"
(fontspec)             - 'bold italic' (b/it) with NFSS spec.:
(fontspec)             <->s*[1]"[Roboto-BoldItalic.otf]:mode=node;script=latn;la
nguage=dflt;+tlig;+pnum;+lnum;"
(fontspec)             - 'bold italic small caps'  (b/scit) with NFSS spec.:
(fontspec)             <->s*[1]"[Roboto-BoldItalic.otf]:mode=node;script=latn;la
nguage=dflt;+tlig;+pnum;+lnum;+smcp;"


Package fontspec Info: Font family 'RobotoCondensed(0)' created for font
(fontspec)             'RobotoCondensed' with options [Ligatures = TeX,Scale =
(fontspec)             1,Extension = .otf,Numbers =
(fontspec)             {Proportional,Lining},UprightFont =
(fontspec)             *-Regular,ItalicFont = *-Italic,BoldFont =
(fontspec)             *-Bold,BoldItalicFont = *-BoldItalic].
(fontspec)              
(fontspec)              This font family consists of the following NFSS
(fontspec)             series/shapes:
(fontspec)              
(fontspec)             - 'normal' (m/n) with NFSS spec.:
(fontspec)             <->s*[1]"[RobotoCondensed-Regular.otf]:mode=node;script=l
atn;language=dflt;+tlig;+pnum;+lnum;"
(fontspec)             - 'small caps'  (m/sc) with NFSS spec.:
(fontspec)             <->s*[1]"[RobotoCondensed-Regular.otf]:mode=node;script=l
atn;language=dflt;+tlig;+pnum;+lnum;+smcp;"
(fontspec)             - 'bold' (b/n) with NFSS spec.:
(fontspec)             <->s*[1]"[RobotoCondensed-Bold.otf]:mode=node;script=latn
;language=dflt;+tlig;+pnum;+lnum;"
(fontspec)             - 'bold small caps'  (b/sc) with NFSS spec.:
(fontspec)             <->s*[1]"[RobotoCondensed-Bold.otf]:mode=node;script=latn
;language=dflt;+tlig;+pnum;+lnum;+smcp;"
(fontspec)             - 'italic' (m/it) with NFSS spec.:
(fontspec)             <->s*[1]"[RobotoCondensed-Italic.otf]:mode=node;script=la
tn;language=dflt;+tlig;+pnum;+lnum;"
(fontspec)             - 'italic small caps'  (m/scit) with NFSS spec.:
(fontspec)             <->s*[1]"[RobotoCondensed-Italic.otf]:mode=node;script=la
tn;language=dflt;+tlig;+pnum;+lnum;+smcp;"
(fontspec)             - 'bold italic' (b/it) with NFSS spec.:
(fontspec)             <->s*[1]"[RobotoCondensed-BoldItalic.otf]:mode=node;scrip
t=latn;language=dflt;+tlig;+pnum;+lnum;"
(fontspec)             - 'bold italic small caps'  (b/scit) with NFSS spec.:
(fontspec)             <->s*[1]"[RobotoCondensed-BoldItalic.otf]:mode=node;scrip
t=latn;language=dflt;+tlig;+pnum;+lnum;+smcp;"


Package fontspec Info: Font family 'RobotoCondensed(1)' created for font
(fontspec)             'RobotoCondensed' with options [Ligatures = TeX,Scale =
(fontspec)             1,Extension = .otf,Numbers =
(fontspec)             {Proportional,Lining},UprightFont = *-Bold,ItalicFont =
(fontspec)             *-BoldItalic,BoldFont = *-Bold,BoldItalicFont =
(fontspec)             *-BoldItalic].
(fontspec)              
(fontspec)              This font family consists of the following NFSS
(fontspec)             series/shapes:
(fontspec)              
(fontspec)             - 'normal' (m/n) with NFSS spec.:
(fontspec)             <->s*[1]"[RobotoCondensed-Bold.otf]:mode=node;script=latn
;language=dflt;+tlig;+pnum;+lnum;"
(fontspec)             - 'small caps'  (m/sc) with NFSS spec.:
(fontspec)             <->s*[1]"[RobotoCondensed-Bold.otf]:mode=node;script=latn
;language=dflt;+tlig;+pnum;+lnum;+smcp;"
(fontspec)             - 'bold' (b/n) with NFSS spec.:
(fontspec)             <->s*[1]"[RobotoCondensed-Bold.otf]:mode=node;script=latn
;language=dflt;+tlig;+pnum;+lnum;"
(fontspec)             - 'bold small caps'  (b/sc) with NFSS spec.:
(fontspec)             <->s*[1]"[RobotoCondensed-Bold.otf]:mode=node;script=latn
;language=dflt;+tlig;+pnum;+lnum;+smcp;"
(fontspec)             - 'italic' (m/it) with NFSS spec.:
(fontspec)             <->s*[1]"[RobotoCondensed-BoldItalic.otf]:mode=node;scrip
t=latn;language=dflt;+tlig;+pnum;+lnum;"
(fontspec)             - 'italic small caps'  (m/scit) with NFSS spec.:
(fontspec)             <->s*[1]"[RobotoCondensed-BoldItalic.otf]:mode=node;scrip
t=latn;language=dflt;+tlig;+pnum;+lnum;+smcp;"
(fontspec)             - 'bold italic' (b/it) with NFSS spec.:
(fontspec)             <->s*[1]"[RobotoCondensed-BoldItalic.otf]:mode=node;scrip
t=latn;language=dflt;+tlig;+pnum;+lnum;"
(fontspec)             - 'bold italic small caps'  (b/scit) with NFSS spec.:
(fontspec)             <->s*[1]"[RobotoCondensed-BoldItalic.otf]:mode=node;scrip
t=latn;language=dflt;+tlig;+pnum;+lnum;+smcp;"

luaotfload | aux : font no 42 (nil) defines no feature for script latn

Package fontspec Info: Font family 'RobotoSlab(0)' created for font
(fontspec)             'RobotoSlab' with options [Ligatures = TeX,Scale =
(fontspec)             1,Extension = .otf,UprightFont = *-Regular,BoldFont =
(fontspec)             *-Bold].
(fontspec)              
(fontspec)              This font family consists of the following NFSS
(fontspec)             series/shapes:
(fontspec)              
(fontspec)             - 'normal' (m/n) with NFSS spec.:
(fontspec)             <->s*[1]"[RobotoSlab-Regular.otf]:mode=node;script=DFLT;l
anguage=dflt;+tlig;"
(fontspec)             - 'small caps'  (m/sc) with NFSS spec.:
(fontspec)             <->s*[1]"[RobotoSlab-Regular.otf]:mode=node;script=DFLT;l
anguage=dflt;+tlig;+smcp;"
(fontspec)             - 'bold' (b/n) with NFSS spec.:
(fontspec)             <->s*[1]"[RobotoSlab-Bold.otf]:mode=node;script=DFLT;lang
uage=dflt;+tlig;"
(fontspec)             - 'bold small caps'  (b/sc) with NFSS spec.:
(fontspec)             <->s*[1]"[RobotoSlab-Bold.otf]:mode=node;script=DFLT;lang
uage=dflt;+tlig;+smcp;"


Package fontspec Info: Font family 'Roboto(2)' created for font 'Roboto' with
(fontspec)             options [Ligatures = TeX,Scale = 1,Extension =
(fontspec)             .otf,Numbers = {Proportional,Lining},UprightFont =
(fontspec)             *-Regular,ItalicFont = *-Italic].
(fontspec)              
(fontspec)              This font family consists of the following NFSS
(fontspec)             series/shapes:
(fontspec)              
(fontspec)             - 'normal' (m/n) with NFSS spec.:
(fontspec)             <->s*[1]"[Roboto-Regular.otf]:mode=node;script=latn;langu
age=dflt;+tlig;+pnum;+lnum;"
(fontspec)             - 'small caps'  (m/sc) with NFSS spec.:
(fontspec)             <->s*[1]"[Roboto-Regular.otf]:mode=node;script=latn;langu
age=dflt;+tlig;+pnum;+lnum;+smcp;"
(fontspec)             - 'italic' (m/it) with NFSS spec.:
(fontspec)             <->s*[1]"[Roboto-Italic.otf]:mode=node;script=latn;langua
ge=dflt;+tlig;+pnum;+lnum;"
(fontspec)             - 'italic small caps'  (m/scit) with NFSS spec.:
(fontspec)             <->s*[1]"[Roboto-Italic.otf]:mode=node;script=latn;langua
ge=dflt;+tlig;+pnum;+lnum;+smcp;"


Package fontspec Info: Font family 'Roboto(3)' created for font 'Roboto' with
(fontspec)             options [Ligatures = TeX,Scale = 1,Extension =
(fontspec)             .otf,Numbers = {Proportional,Lining},UprightFont =
(fontspec)             *-Medium,ItalicFont = *-MediumItalic].
(fontspec)              
(fontspec)              This font family consists of the following NFSS
(fontspec)             series/shapes:
(fontspec)              
(fontspec)             - 'normal' (m/n) with NFSS spec.:
(fontspec)             <->s*[1]"[Roboto-Medium.otf]:mode=node;script=latn;langua
ge=dflt;+tlig;+pnum;+lnum;"
(fontspec)             - 'small caps'  (m/sc) with NFSS spec.:
(fontspec)             <->s*[1]"[Roboto-Medium.otf]:mode=node;script=latn;langua
ge=dflt;+tlig;+pnum;+lnum;+smcp;"
(fontspec)             - 'italic' (m/it) with NFSS spec.:
(fontspec)             <->s*[1]"[Roboto-MediumItalic.otf]:mode=node;script=latn;
language=dflt;+tlig;+pnum;+lnum;"
(fontspec)             - 'italic small caps'  (m/scit) with NFSS spec.:
(fontspec)             <->s*[1]"[Roboto-MediumItalic.otf]:mode=node;script=latn;
language=dflt;+tlig;+pnum;+lnum;+smcp;"


Package fontspec Info: Font family 'Roboto(4)' created for font 'Roboto' with
(fontspec)             options [Ligatures = TeX,Scale = 1,Extension =
(fontspec)             .otf,Numbers = {Proportional,Lining},UprightFont =
(fontspec)             *-Thin,ItalicFont = *-ThinItalic].
(fontspec)              
(fontspec)              This font family consists of the following NFSS
(fontspec)             series/shapes:
(fontspec)              
(fontspec)             - 'normal' (m/n) with NFSS spec.:
(fontspec)             <->s*[1]"[Roboto-Thin.otf]:mode=node;script=latn;language
=dflt;+tlig;+pnum;+lnum;"
(fontspec)             - 'small caps'  (m/sc) with NFSS spec.:
(fontspec)             <->s*[1]"[Roboto-Thin.otf]:mode=node;script=latn;language
=dflt;+tlig;+pnum;+lnum;+smcp;"
(fontspec)             - 'italic' (m/it) with NFSS spec.:
(fontspec)             <->s*[1]"[Roboto-ThinItalic.otf]:mode=node;script=latn;la
nguage=dflt;+tlig;+pnum;+lnum;"
(fontspec)             - 'italic small caps'  (m/scit) with NFSS spec.:
(fontspec)             <->s*[1]"[Roboto-ThinItalic.otf]:mode=node;script=latn;la
nguage=dflt;+tlig;+pnum;+lnum;+smcp;"


Package fontspec Info: Font family 'Roboto(5)' created for font 'Roboto' with
(fontspec)             options [Ligatures = TeX,Scale = 1,Extension =
(fontspec)             .otf,Numbers = {Proportional,Lining},UprightFont =
(fontspec)             *-Light,ItalicFont = *-LightItalic].
(fontspec)              
(fontspec)              This font family consists of the following NFSS
(fontspec)             series/shapes:
(fontspec)              
(fontspec)             - 'normal' (m/n) with NFSS spec.:
(fontspec)             <->s*[1]"[Roboto-Light.otf]:mode=node;script=latn;languag
e=dflt;+tlig;+pnum;+lnum;"
(fontspec)             - 'small caps'  (m/sc) with NFSS spec.:
(fontspec)             <->s*[1]"[Roboto-Light.otf]:mode=node;script=latn;languag
e=dflt;+tlig;+pnum;+lnum;+smcp;"
(fontspec)             - 'italic' (m/it) with NFSS spec.:
(fontspec)             <->s*[1]"[Roboto-LightItalic.otf]:mode=node;script=latn;l
anguage=dflt;+tlig;+pnum;+lnum;"
(fontspec)             - 'italic small caps'  (m/scit) with NFSS spec.:
(fontspec)             <->s*[1]"[Roboto-LightItalic.otf]:mode=node;script=latn;l
anguage=dflt;+tlig;+pnum;+lnum;+smcp;"


Package fontspec Info: Font family 'Roboto(6)' created for font 'Roboto' with
(fontspec)             options [Ligatures = TeX,Scale = 1,Extension =
(fontspec)             .otf,Numbers = {Proportional,Lining},UprightFont =
(fontspec)             *-Bold,ItalicFont = *-BoldItalic].
(fontspec)              
(fontspec)              This font family consists of the following NFSS
(fontspec)             series/shapes:
(fontspec)              
(fontspec)             - 'normal' (m/n) with NFSS spec.:
(fontspec)             <->s*[1]"[Roboto-Bold.otf]:mode=node;script=latn;language
=dflt;+tlig;+pnum;+lnum;"
(fontspec)             - 'small caps'  (m/sc) with NFSS spec.:
(fontspec)             <->s*[1]"[Roboto-Bold.otf]:mode=node;script=latn;language
=dflt;+tlig;+pnum;+lnum;+smcp;"
(fontspec)             - 'italic' (m/it) with NFSS spec.:
(fontspec)             <->s*[1]"[Roboto-BoldItalic.otf]:mode=node;script=latn;la
nguage=dflt;+tlig;+pnum;+lnum;"
(fontspec)             - 'italic small caps'  (m/scit) with NFSS spec.:
(fontspec)             <->s*[1]"[Roboto-BoldItalic.otf]:mode=node;script=latn;la
nguage=dflt;+tlig;+pnum;+lnum;+smcp;"


Package fontspec Info: Font family 'Roboto(7)' created for font 'Roboto' with
(fontspec)             options [Ligatures = TeX,Scale = 1,Extension =
(fontspec)             .otf,Numbers = {Proportional,Lining},UprightFont =
(fontspec)             *-Black,ItalicFont = *-BlackItalic].
(fontspec)              
(fontspec)              This font family consists of the following NFSS
(fontspec)             series/shapes:
(fontspec)              
(fontspec)             - 'normal' (m/n) with NFSS spec.:
(fontspec)             <->s*[1]"[Roboto-Black.otf]:mode=node;script=latn;languag
e=dflt;+tlig;+pnum;+lnum;"
(fontspec)             - 'small caps'  (m/sc) with NFSS spec.:
(fontspec)             <->s*[1]"[Roboto-Black.otf]:mode=node;script=latn;languag
e=dflt;+tlig;+pnum;+lnum;+smcp;"
(fontspec)             - 'italic' (m/it) with NFSS spec.:
(fontspec)             <->s*[1]"[Roboto-BlackItalic.otf]:mode=node;script=latn;l
anguage=dflt;+tlig;+pnum;+lnum;"
(fontspec)             - 'italic small caps'  (m/scit) with NFSS spec.:
(fontspec)             <->s*[1]"[Roboto-BlackItalic.otf]:mode=node;script=latn;l
anguage=dflt;+tlig;+pnum;+lnum;+smcp;"


Package fontspec Info: Font family 'Roboto(8)' created for font 'Roboto' with
(fontspec)             options [Ligatures = TeX,Scale = 1,Extension =
(fontspec)             .otf,Numbers = {Proportional,OldStyle},UprightFont =
(fontspec)             *-Regular,ItalicFont = *-Italic,BoldFont =
(fontspec)             *-Bold,BoldItalicFont = *-BoldItalic].
(fontspec)              
(fontspec)              This font family consists of the following NFSS
(fontspec)             series/shapes:
(fontspec)              
(fontspec)             - 'normal' (m/n) with NFSS spec.:
(fontspec)             <->s*[1]"[Roboto-Regular.otf]:mode=node;script=latn;langu
age=dflt;+tlig;+pnum;+onum;"
(fontspec)             - 'small caps'  (m/sc) with NFSS spec.:
(fontspec)             <->s*[1]"[Roboto-Regular.otf]:mode=node;script=latn;langu
age=dflt;+tlig;+pnum;+onum;+smcp;"
(fontspec)             - 'bold' (b/n) with NFSS spec.:
(fontspec)             <->s*[1]"[Roboto-Bold.otf]:mode=node;script=latn;language
=dflt;+tlig;+pnum;+onum;"
(fontspec)             - 'bold small caps'  (b/sc) with NFSS spec.:
(fontspec)             <->s*[1]"[Roboto-Bold.otf]:mode=node;script=latn;language
=dflt;+tlig;+pnum;+onum;+smcp;"
(fontspec)             - 'italic' (m/it) with NFSS spec.:
(fontspec)             <->s*[1]"[Roboto-Italic.otf]:mode=node;script=latn;langua
ge=dflt;+tlig;+pnum;+onum;"
(fontspec)             - 'italic small caps'  (m/scit) with NFSS spec.:
(fontspec)             <->s*[1]"[Roboto-Italic.otf]:mode=node;script=latn;langua
ge=dflt;+tlig;+pnum;+onum;+smcp;"
(fontspec)             - 'bold italic' (b/it) with NFSS spec.:
(fontspec)             <->s*[1]"[Roboto-BoldItalic.otf]:mode=node;script=latn;la
nguage=dflt;+tlig;+pnum;+onum;"
(fontspec)             - 'bold italic small caps'  (b/scit) with NFSS spec.:
(fontspec)             <->s*[1]"[Roboto-BoldItalic.otf]:mode=node;script=latn;la
nguage=dflt;+tlig;+pnum;+onum;+smcp;"


Package fontspec Info: Font family 'Roboto(9)' created for font 'Roboto' with
(fontspec)             options [Ligatures = TeX,Scale = 1,Extension =
(fontspec)             .otf,Numbers = {Monospaced,Lining},UprightFont =
(fontspec)             *-Regular,ItalicFont = *-Italic,BoldFont =
(fontspec)             *-Bold,BoldItalicFont = *-BoldItalic].
(fontspec)              
(fontspec)              This font family consists of the following NFSS
(fontspec)             series/shapes:
(fontspec)              
(fontspec)             - 'normal' (m/n) with NFSS spec.:
(fontspec)             <->s*[1]"[Roboto-Regular.otf]:mode=node;script=latn;langu
age=dflt;+tlig;+tnum;+lnum;"
(fontspec)             - 'small caps'  (m/sc) with NFSS spec.:
(fontspec)             <->s*[1]"[Roboto-Regular.otf]:mode=node;script=latn;langu
age=dflt;+tlig;+tnum;+lnum;+smcp;"
(fontspec)             - 'bold' (b/n) with NFSS spec.:
(fontspec)             <->s*[1]"[Roboto-Bold.otf]:mode=node;script=latn;language
=dflt;+tlig;+tnum;+lnum;"
(fontspec)             - 'bold small caps'  (b/sc) with NFSS spec.:
(fontspec)             <->s*[1]"[Roboto-Bold.otf]:mode=node;script=latn;language
=dflt;+tlig;+tnum;+lnum;+smcp;"
(fontspec)             - 'italic' (m/it) with NFSS spec.:
(fontspec)             <->s*[1]"[Roboto-Italic.otf]:mode=node;script=latn;langua
ge=dflt;+tlig;+tnum;+lnum;"
(fontspec)             - 'italic small caps'  (m/scit) with NFSS spec.:
(fontspec)             <->s*[1]"[Roboto-Italic.otf]:mode=node;script=latn;langua
ge=dflt;+tlig;+tnum;+lnum;+smcp;"
(fontspec)             - 'bold italic' (b/it) with NFSS spec.:
(fontspec)             <->s*[1]"[Roboto-BoldItalic.otf]:mode=node;script=latn;la
nguage=dflt;+tlig;+tnum;+lnum;"
(fontspec)             - 'bold italic small caps'  (b/scit) with NFSS spec.:
(fontspec)             <->s*[1]"[Roboto-BoldItalic.otf]:mode=node;script=latn;la
nguage=dflt;+tlig;+tnum;+lnum;+smcp;"


Package fontspec Info: Font family 'Roboto(10)' created for font 'Roboto' with
(fontspec)             options [Ligatures = TeX,Scale = 1,Extension =
(fontspec)             .otf,Numbers = {Monospaced,OldStyle},UprightFont =
(fontspec)             *-Regular,ItalicFont = *-Italic,BoldFont =
(fontspec)             *-Bold,BoldItalicFont = *-BoldItalic].
(fontspec)              
(fontspec)              This font family consists of the following NFSS
(fontspec)             series/shapes:
(fontspec)              
(fontspec)             - 'normal' (m/n) with NFSS spec.:
(fontspec)             <->s*[1]"[Roboto-Regular.otf]:mode=node;script=latn;langu
age=dflt;+tlig;+tnum;+onum;"
(fontspec)             - 'small caps'  (m/sc) with NFSS spec.:
(fontspec)             <->s*[1]"[Roboto-Regular.otf]:mode=node;script=latn;langu
age=dflt;+tlig;+tnum;+onum;+smcp;"
(fontspec)             - 'bold' (b/n) with NFSS spec.:
(fontspec)             <->s*[1]"[Roboto-Bold.otf]:mode=node;script=latn;language
=dflt;+tlig;+tnum;+onum;"
(fontspec)             - 'bold small caps'  (b/sc) with NFSS spec.:
(fontspec)             <->s*[1]"[Roboto-Bold.otf]:mode=node;script=latn;language
=dflt;+tlig;+tnum;+onum;+smcp;"
(fontspec)             - 'italic' (m/it) with NFSS spec.:
(fontspec)             <->s*[1]"[Roboto-Italic.otf]:mode=node;script=latn;langua
ge=dflt;+tlig;+tnum;+onum;"
(fontspec)             - 'italic small caps'  (m/scit) with NFSS spec.:
(fontspec)             <->s*[1]"[Roboto-Italic.otf]:mode=node;script=latn;langua
ge=dflt;+tlig;+tnum;+onum;+smcp;"
(fontspec)             - 'bold italic' (b/it) with NFSS spec.:
(fontspec)             <->s*[1]"[Roboto-BoldItalic.otf]:mode=node;script=latn;la
nguage=dflt;+tlig;+tnum;+onum;"
(fontspec)             - 'bold italic small caps'  (b/scit) with NFSS spec.:
(fontspec)             <->s*[1]"[Roboto-BoldItalic.otf]:mode=node;script=latn;la
nguage=dflt;+tlig;+tnum;+onum;+smcp;"

)
("C:/Users/Marius Wollrab/AppData/Local/Programs/MiKTeX 2.9/tex/latex/ghsystem/
language/ghsystem_german.def"
File: ghsystem_german.def 2016/01/16
)
("C:/Users/Marius Wollrab/AppData/Local/Programs/MiKTeX 2.9/tex/latex/labels/la
bels.sty"
Package: labels 2003/05/22 v.13
\LabelCols=\count315
\LabelRows=\count316
\LeftPageMargin=\dimen297
\RightPageMargin=\dimen298
\TopPageMargin=\dimen299
\BottomPageMargin=\dimen300
\InterLabelColumn=\dimen301
\InterLabelRow=\dimen302
\LeftLabelBorder=\dimen303
\RightLabelBorder=\dimen304
\TopLabelBorder=\dimen305
\BottomLabelBorder=\dimen306
\numberoflabels=\count317
\label@width=\dimen307
\label@height=\dimen308
\area@width=\dimen309
\area@height=\dimen310
\half@label=\dimen311
\half@area=\dimen312
\addr@width=\dimen313
\LabTmp=\dimen314
\this@label=\box80
\label@number=\count318
\skip@labels=\count319
\l@so@far=\count320
\LabelTotal=\count321
\@Milli=\count322
\sk@pped=\count323
)
Package translations Info: No language package found. I am going to use `english
' as default language. on input line 22.

Package chemmacros Info: You haven't chosen a formula method so I'm assuming
(chemmacros)             the default method `chemformula'.


("C:/Users/Marius Wollrab/AppData/Local/Programs/MiKTeX 2.9/tex/latex/chemformu
la/chemformula.sty"
("C:/Users/Marius Wollrab/AppData/Local/Programs/MiKTeX 2.9/tex/latex/amsmath/a
msmath.sty"
Package: amsmath 2020/01/20 v2.17e AMS math features
\@mathmargin=\skip67

For additional information on amsmath, use the `?' option.

("C:/Users/Marius Wollrab/AppData/Local/Programs/MiKTeX 2.9/tex/latex/amsmath/a
msbsy.sty"
Package: amsbsy 1999/11/29 v1.2d Bold Symbols
LaTeX Info: Redefining \boldsymbol on input line 28.
\pmbraise@=\dimen315
)
("C:/Users/Marius Wollrab/AppData/Local/Programs/MiKTeX 2.9/tex/latex/amsmath/a
msopn.sty"
Package: amsopn 2016/03/08 v2.02 operator names
)
\inf@bad=\count324
LaTeX Info: Redefining \frac on input line 227.
\uproot@=\count325
\leftroot@=\count326
LaTeX Info: Redefining \overline on input line 389.
\classnum@=\count327
\DOTSCASE@=\count328
LaTeX Info: Redefining \ldots on input line 486.
LaTeX Info: Redefining \dots on input line 489.
LaTeX Info: Redefining \cdots on input line 610.
\Mathstrutbox@=\box81
\strutbox@=\box82
\big@size=\dimen316
LaTeX Font Info:    Redeclaring font encoding OML on input line 733.
LaTeX Font Info:    Redeclaring font encoding OMS on input line 734.
\macc@depth=\count329
\c@MaxMatrixCols=\count330
\dotsspace@=\muskip16
\c@parentequation=\count331
\dspbrk@lvl=\count332
\tag@help=\toks34
\row@=\count333
\column@=\count334
\maxfields@=\count335
\andhelp@=\toks35
\eqnshift@=\dimen317
\alignsep@=\dimen318
\tagshift@=\dimen319
\tagwidth@=\dimen320
\totwidth@=\dimen321
\lineht@=\dimen322
\@envbody=\toks36
\multlinegap=\skip68
\multlinetaggap=\skip69
\mathdisplay@stack=\toks37
LaTeX Info: Redefining \[ on input line 2859.
LaTeX Info: Redefining \] on input line 2860.
)
("C:/Users/Marius Wollrab/AppData/Local/Programs/MiKTeX 2.9/tex/latex/l3package
s/xfrac/xfrac.sty"
("C:/Users/Marius Wollrab/AppData/Local/Programs/MiKTeX 2.9/tex/latex/l3package
s/xtemplate/xtemplate.sty"
Package: xtemplate 2020-03-06 L3 Experimental prototype document functions
\l__xtemplate_tmp_dim=\dimen323
\l__xtemplate_tmp_int=\count336
\l__xtemplate_tmp_muskip=\muskip17
\l__xtemplate_tmp_skip=\skip70
)
Package: xfrac 2020-03-06 L3 Experimental split-level fractions
\l__xfrac_slash_box=\box83
\l__xfrac_tmp_box=\box84
\l__xfrac_denominator_bot_sep_dim=\dimen324
\l__xfrac_numerator_bot_sep_dim=\dimen325
\l__xfrac_numerator_top_sep_dim=\dimen326
\l__xfrac_slash_left_sep_dim=\dimen327
\l__xfrac_slash_right_sep_dim=\dimen328
\l__xfrac_slash_left_muskip=\muskip18
\l__xfrac_slash_right_muskip=\muskip19

Package xtemplate Info: Declaring object type 'xfrac' taking 3 argument(s) on
(xtemplate)             line 80.

)
("C:/Users/Marius Wollrab/AppData/Local/Programs/MiKTeX 2.9/tex/latex/units/nic
efrac.sty"
Package: nicefrac 1998/08/04 v0.9b Nice fractions
\L@UnitsRaiseDisplaystyle=\skip71
\L@UnitsRaiseTextstyle=\skip72
\L@UnitsRaiseScriptstyle=\skip73

("C:/Users/Marius Wollrab/AppData/Local/Programs/MiKTeX 2.9/tex/latex/base/ifth
en.sty"
Package: ifthen 2014/09/29 v1.1c Standard LaTeX ifthen package (DPC)
))
("C:/Users/Marius Wollrab/AppData/Local/Programs/MiKTeX 2.9/tex/generic/pgf/lib
raries/pgflibraryarrows.meta.code.tex"
File: pgflibraryarrows.meta.code.tex 2020/01/08 v3.1.5b (3.1.5b)
\pgfarrowinset=\dimen329
\pgfarrowlength=\dimen330
\pgfarrowwidth=\dimen331
\pgfarrowlinewidth=\dimen332
)
Package: chemformula 2020/03/07 v4.15j typeset chemical compounds and reactions 
(CN)
\l__chemformula_tmpa_dim=\dimen333
\l__chemformula_tmpb_dim=\dimen334
\l__chemformula_tmpc_dim=\dimen335
\l__chemformula_tmpa_int=\count337
\l__chemformula_tmpb_int=\count338
\l__chemformula_tmpc_int=\count339
\l__chemformula_tmpa_box=\box85
\l__chemformula_tmpb_box=\box86
\l__chemformula_arrow_length_dim=\dimen336
\l__chemformula_arrow_label_height_dim=\dimen337
\l__chemformula_arrow_label_offset_dim=\dimen338
\l__chemformula_arrow_minimum_length_dim=\dimen339
\l__chemformula_arrow_shortage_dim=\dimen340
\l__chemformula_arrow_offset_dim=\dimen341
\l__chemformula_arrow_yshift_dim=\dimen342
\l__chemformula_radical_radius_dim=\dimen343
\l__chemformula_radical_hshift_dim=\dimen344
\l__chemformula_radical_vshift_dim=\dimen345
\l__chemformula_radical_space_dim=\dimen346
\l__chemformula_arrow_head_dim=\dimen347
\l__chemformula_name_dim=\dimen348
\l__chemformula_adduct_space_dim=\dimen349
\l__chemformula_charge_shift_dim=\dimen350
\l__chemformula_subscript_shift_dim=\dimen351
\l__chemformula_superscript_shift_dim=\dimen352
\l__chemformula_subscript_dim=\dimen353
\l__chemformula_superscript_dim=\dimen354
\l__chemformula_bond_dim=\dimen355
\l__chemformula_bond_space_dim=\dimen356
\l__chemformula_elspec_pair_distance_dim=\dimen357
\l__chemformula_elspec_pair_line_length_dim=\dimen358
\l__chemformula_elspec_pair_width_dim=\dimen359
\l__chemformula_kroegervink_positive_radius_dim=\dimen360
\l__chemformula_kroegervink_positive_hshift_dim=\dimen361
\l__chemformula_kroegervink_positive_vshift_dim=\dimen362
\l__chemformula_kroegervink_positive_space_dim=\dimen363
\l__chemformula_stoich_space_skip=\skip74
\l__chemformula_math_space_skip=\skip75
\l__chemformula_count_tokens_int=\count340
\g__chemformula_lewis_int=\count341
\l__chemformula_arrow_arg_i_box=\box87
\l__chemformula_arrow_arg_ii_box=\box88
\l__chemformula_superscript_box=\box89
\l__chemformula_subscript_box=\box90
\l__chemformula_additions_symbol_space_skip=\skip76
\l__chemformula_plus_space_skip=\skip77
\l__chemformula_minus_space_skip=\skip78
) (./ghs_labels.aux)
\openout1 = ghs_labels.aux

LaTeX Font Info:    Checking defaults for OML/cmm/m/it on input line 22.
LaTeX Font Info:    ... okay on input line 22.
LaTeX Font Info:    Checking defaults for OMS/cmsy/m/n on input line 22.
LaTeX Font Info:    ... okay on input line 22.
LaTeX Font Info:    Checking defaults for OT1/cmr/m/n on input line 22.
LaTeX Font Info:    ... okay on input line 22.
LaTeX Font Info:    Checking defaults for T1/cmr/m/n on input line 22.
LaTeX Font Info:    ... okay on input line 22.
LaTeX Font Info:    Checking defaults for TS1/cmr/m/n on input line 22.
LaTeX Font Info:    Trying to load font information for TS1+cmr on input line 22
.

("C:/Users/Marius Wollrab/AppData/Local/Programs/MiKTeX 2.9/tex/latex/base/ts1c
mr.fd"
File: ts1cmr.fd 2019/12/16 v2.5j Standard LaTeX font definitions
)
LaTeX Font Info:    ... okay on input line 22.
LaTeX Font Info:    Checking defaults for TU/lmr/m/n on input line 22.
LaTeX Font Info:    ... okay on input line 22.
LaTeX Font Info:    Checking defaults for OMX/cmex/m/n on input line 22.
LaTeX Font Info:    ... okay on input line 22.
LaTeX Font Info:    Checking defaults for U/cmr/m/n on input line 22.
LaTeX Font Info:    ... okay on input line 22.
LaTeX Font Info:    Font shape `TU/Roboto(0)/m/n' will be
(Font)              scaled to size 10.0pt on input line 22.

("C:/Users/Marius Wollrab/AppData/Local/Programs/MiKTeX 2.9/tex/latex/translati
ons/dicts/translations-basic-dictionary-english.trsl"
File: translations-basic-dictionary-english.trsl (english translation file `tran
slations-basic-dictionary')
)
Package translations Info: loading dictionary `translations-basic-dictionary' fo
r `english'. on input line 22.

Package chemgreek Info: Activating mapping `fontspec' on line 22.


ABD: EveryShipout initializing macros
("C:/Users/Marius Wollrab/AppData/Local/Programs/MiKTeX 2.9/tex/context/base/mk
ii/supp-pdf.mkii"
[Loading MPS to PDF converter (version 2006.09.02).]
\scratchcounter=\count342
\scratchdimen=\dimen364
\scratchbox=\box91
\nofMPsegments=\count343
\nofMParguments=\count344
\everyMPshowfont=\toks38
\MPscratchCnt=\count345
\MPscratchDim=\dimen365
\MPnumerator=\count346
\makeMPintoPDFobject=\count347
\everyMPtoPDFconversion=\toks39
)
("C:/Users/Marius Wollrab/AppData/Local/Programs/MiKTeX 2.9/tex/latex/epstopdf-
pkg/epstopdf-base.sty"
Package: epstopdf-base 2020-01-24 v2.11 Base part for package epstopdf
Package epstopdf-base Info: Redefining graphics rule for `.eps' on input line 48
5.
)
("C:/Users/Marius Wollrab/AppData/Local/Programs/MiKTeX 2.9/tex/latex/translato
r/translator-basic-dictionary-English.dict"
Dictionary: translator-basic-dictionary, Language: English 
)
("C:/Users/Marius Wollrab/AppData/Local/Programs/MiKTeX 2.9/tex/latex/siunitx/s
iunitx-abbreviations.cfg"
File: siunitx-abbreviations.cfg 2017/11/26 v2.7k siunitx: Abbreviated units
)

Package fontspec Info: Adjusting the maths setup (use [no-math] to avoid
(fontspec)             this).

\symlegacymaths=\mathgroup7
LaTeX Font Info:    Overwriting symbol font `legacymaths' in version `bold'
(Font)                  OT1/cmr/m/n --> OT1/cmr/bx/n on input line 22.
LaTeX Font Info:    Redeclaring math accent \acute on input line 22.
LaTeX Font Info:    Redeclaring math accent \grave on input line 22.
LaTeX Font Info:    Redeclaring math accent \ddot on input line 22.
LaTeX Font Info:    Redeclaring math accent \tilde on input line 22.
LaTeX Font Info:    Redeclaring math accent \bar on input line 22.
LaTeX Font Info:    Redeclaring math accent \breve on input line 22.
LaTeX Font Info:    Redeclaring math accent \check on input line 22.
LaTeX Font Info:    Redeclaring math accent \hat on input line 22.
LaTeX Font Info:    Redeclaring math accent \dot on input line 22.
LaTeX Font Info:    Redeclaring math accent \mathring on input line 22.
LaTeX Font Info:    Redeclaring math symbol \Gamma on input line 22.
LaTeX Font Info:    Redeclaring math symbol \Delta on input line 22.
LaTeX Font Info:    Redeclaring math symbol \Theta on input line 22.
LaTeX Font Info:    Redeclaring math symbol \Lambda on input line 22.
LaTeX Font Info:    Redeclaring math symbol \Xi on input line 22.
LaTeX Font Info:    Redeclaring math symbol \Pi on input line 22.
LaTeX Font Info:    Redeclaring math symbol \Sigma on input line 22.
LaTeX Font Info:    Redeclaring math symbol \Upsilon on input line 22.
LaTeX Font Info:    Redeclaring math symbol \Phi on input line 22.
LaTeX Font Info:    Redeclaring math symbol \Psi on input line 22.
LaTeX Font Info:    Redeclaring math symbol \Omega on input line 22.
LaTeX Font Info:    Redeclaring math symbol \mathdollar on input line 22.
LaTeX Font Info:    Redeclaring symbol font `operators' on input line 22.
LaTeX Font Info:    Encoding `OT1' has changed to `TU' for symbol font
(Font)              `operators' in the math version `normal' on input line 22.
LaTeX Font Info:    Overwriting symbol font `operators' in version `normal'
(Font)                  OT1/cmr/m/n --> TU/lmr/m/n on input line 22.
LaTeX Font Info:    Encoding `OT1' has changed to `TU' for symbol font
(Font)              `operators' in the math version `bold' on input line 22.
LaTeX Font Info:    Overwriting symbol font `operators' in version `bold'
(Font)                  OT1/cmr/bx/n --> TU/lmr/m/n on input line 22.
LaTeX Font Info:    Overwriting symbol font `operators' in version `normal'
(Font)                  TU/lmr/m/n --> TU/lmr/m/n on input line 22.
LaTeX Font Info:    Overwriting math alphabet `\mathit' in version `normal'
(Font)                  OT1/cmr/m/it --> TU/lmr/m/it on input line 22.
LaTeX Font Info:    Overwriting math alphabet `\mathbf' in version `normal'
(Font)                  OT1/cmr/bx/n --> TU/lmr/b/n on input line 22.
LaTeX Font Info:    Overwriting math alphabet `\mathsf' in version `normal'
(Font)                  OT1/cmss/m/n --> TU/Roboto(0)/m/n on input line 22.
LaTeX Font Info:    Overwriting math alphabet `\mathtt' in version `normal'
(Font)                  OT1/cmtt/m/n --> TU/lmtt/m/n on input line 22.
LaTeX Font Info:    Overwriting symbol font `operators' in version `bold'
(Font)                  TU/lmr/m/n --> TU/lmr/b/n on input line 22.
LaTeX Font Info:    Overwriting math alphabet `\mathit' in version `bold'
(Font)                  OT1/cmr/bx/it --> TU/lmr/b/it on input line 22.
LaTeX Font Info:    Overwriting math alphabet `\mathsf' in version `bold'
(Font)                  OT1/cmss/bx/n --> TU/Roboto(0)/b/n on input line 22.
LaTeX Font Info:    Overwriting math alphabet `\mathtt' in version `bold'
(Font)                  OT1/cmtt/m/n --> TU/lmtt/b/n on input line 22.
LaTeX Font Info:    Font shape `TU/Roboto(0)/m/n' will be
(Font)              scaled to size 7.0pt on input line 22.
LaTeX Font Info:    Font shape `TU/Roboto(0)/m/n' will be
(Font)              scaled to size 5.0pt on input line 22.

To print info, put `\LabelInfotrue' in the preamble
LaTeX Font Info:    Font shape `TU/Roboto(0)/b/n' will be
(Font)              scaled to size 10.0pt on input line 64.
LaTeX Font Info:    Font shape `TU/Roboto(0)/b/n' will be
(Font)              scaled to size 14.4pt on input line 64.
<ghsystem_flame.pdf, id=4, 722.698pt x 723.70174pt>
File: ghsystem_flame.pdf Graphic file (type pdf)
<use ghsystem_flame.pdf>
Package luatex.def Info: ghsystem_flame.pdf  used on input line 64.
(luatex.def)             Requested size: 36.13701pt x 36.1872pt.
<ghsystem_exclam.pdf, id=5, 723.70174pt x 722.698pt>
File: ghsystem_exclam.pdf Graphic file (type pdf)
<use ghsystem_exclam.pdf>
Package luatex.def Info: ghsystem_exclam.pdf  used on input line 64.
(luatex.def)             Requested size: 36.1872pt x 36.13701pt.
LaTeX Font Info:    Font shape `TU/Roboto(0)/b/n' will be
(Font)              scaled to size 7.0pt on input line 64.

Overfull \hbox (29.60747pt too wide) in paragraph at lines 64--64
[][] [] 
 []


Package labels Warning: Label too tall by 5mm (12.84961pt) on input line 64.

+
File: ghsystem_flame.pdf Graphic file (type pdf)
<use ghsystem_flame.pdf>
Package luatex.def Info: ghsystem_flame.pdf  used on input line 88.
(luatex.def)             Requested size: 36.13701pt x 36.1872pt.
File: ghsystem_exclam.pdf Graphic file (type pdf)
<use ghsystem_exclam.pdf>
Package luatex.def Info: ghsystem_exclam.pdf  used on input line 88.
(luatex.def)             Requested size: 36.1872pt x 36.13701pt.

Overfull \hbox (29.60747pt too wide) in paragraph at lines 88--88
[][] [] 
 []


Package labels Warning: Label too tall by 5mm (13.41122pt) on input line 88.

+ |
File: ghsystem_flame.pdf Graphic file (type pdf)
<use ghsystem_flame.pdf>
Package luatex.def Info: ghsystem_flame.pdf  used on input line 113.
(luatex.def)             Requested size: 36.13701pt x 36.1872pt.
File: ghsystem_exclam.pdf Graphic file (type pdf)
<use ghsystem_exclam.pdf>
Package luatex.def Info: ghsystem_exclam.pdf  used on input line 113.
(luatex.def)             Requested size: 36.1872pt x 36.13701pt.

Overfull \hbox (29.60747pt too wide) in paragraph at lines 113--113
[][] [] 
 []


Package labels Warning: Label too tall by 5mm (13.41122pt) on input line 113.

+
LaTeX Font Info:    Font shape `TU/Roboto(0)/b/it' will be
(Font)              scaled to size 14.4pt on input line 137.
File: ghsystem_flame.pdf Graphic file (type pdf)
<use ghsystem_flame.pdf>
Package luatex.def Info: ghsystem_flame.pdf  used on input line 137.
(luatex.def)             Requested size: 36.13701pt x 36.1872pt.
File: ghsystem_exclam.pdf Graphic file (type pdf)
<use ghsystem_exclam.pdf>
Package luatex.def Info: ghsystem_exclam.pdf  used on input line 137.
(luatex.def)             Requested size: 36.1872pt x 36.13701pt.

Overfull \hbox (29.60747pt too wide) in paragraph at lines 137--137
[][] [] 
 []


Package labels Warning: Label too tall by 5mm (13.41122pt) on input line 137.

+ |
File: ghsystem_flame.pdf Graphic file (type pdf)
<use ghsystem_flame.pdf>
Package luatex.def Info: ghsystem_flame.pdf  used on input line 163.
(luatex.def)             Requested size: 36.13701pt x 36.1872pt.
<ghsystem_skull.pdf, id=6, 722.698pt x 723.70174pt>
File: ghsystem_skull.pdf Graphic file (type pdf)
<use ghsystem_skull.pdf>
Package luatex.def Info: ghsystem_skull.pdf  used on input line 163.
(luatex.def)             Requested size: 36.13701pt x 36.1872pt.
<ghsystem_health.pdf, id=7, 723.70174pt x 723.70174pt>
File: ghsystem_health.pdf Graphic file (type pdf)
<use ghsystem_health.pdf>
Package luatex.def Info: ghsystem_health.pdf  used on input line 163.
(luatex.def)             Requested size: 36.1872pt x 36.1872pt.

Overfull \hbox (1.42245pt too wide) in paragraph at lines 163--163
[]
 []


Overfull \hbox (1.42245pt too wide) in paragraph at lines 163--163
[]
 []


Overfull \hbox (1.42601pt too wide) in paragraph at lines 163--163
[] 
 []


Overfull \hbox (21.07164pt too wide) in paragraph at lines 163--163
[][] [] 
 []


Package labels Warning: Label too tall by 5mm (13.41122pt) on input line 163.

+ [1

{C:/Users/Marius Wollrab/AppData/Local/MiKTeX/2.9/pdftex/config/pdftex.map}<C:/U
sers/Marius Wollrab/AppData/Local/Programs/MiKTeX 2.9/tex/latex/ghsystem/picture
s/ghsystem_flame.pdf><C:/Users/Marius Wollrab/AppData/Local/Programs/MiKTeX 2.9/
tex/latex/ghsystem/pictures/ghsystem_exclam.pdf><C:/Users/Marius Wollrab/AppData
/Local/Programs/MiKTeX 2.9/tex/latex/ghsystem/pictures/ghsystem_skull.pdf><C:/Us
ers/Marius Wollrab/AppData/Local/Programs/MiKTeX 2.9/tex/latex/ghsystem/pictures
/ghsystem_health.pdf>] (./ghs_labels.aux))

Here is how much of LuaTeX's memory you used:
 25125 strings out of 480991
 125171,953878 words of node,token memory allocated
 4958 words of node memory still in use:
   75 hlist, 5 vlist, 7 rule, 15 disc, 10 local_par, 117 glue, 21 kern, 28 penal
ty, 303 glyph, 86 attribute, 67 glue_spec, 86 attribute_list, 2 write, 4 pdf_col
orstack, 6 pdf_setmatrix, 6 pdf_save, 6 pdf_restore nodes
   avail lists: 1:1,2:605,3:201,4:29,5:175,6:44,7:2019,8:2,9:406,10:10,11:86,12:
1
 41670 multiletter control sequences out of 65536+200000
 94 fonts using 13698459 bytes
 109i,12n,118p,881b,385s stack positions out of 5000i,500n,10000p,200000b,50000s
<c:/users/marius wollrab/appdata/local/programs/miktex 2.9/fonts/opentype/google
/roboto/roboto-bolditalic.otf><c:/users/marius wollrab/appdata/local/programs/mi
ktex 2.9/fonts/opentype/google/roboto/roboto-regular.otf><c:/users/marius wollra
b/appdata/local/programs/miktex 2.9/fonts/opentype/google/roboto/roboto-bold.otf
>
Output written on ghs_labels.pdf (1 page, 51712 bytes).

PDF statistics: 42 PDF objects out of 1000 (max. 8388607)
 0 named destinations out of 1000 (max. 131072)
 16 words of extra memory for PDF output out of 10000 (max. 100000000)

